<?xml version="1.0" encoding="UTF-8"?>
<testsuite xmlns:xsi="http://www.w3.org/2001/XMLSchema-instance" xsi:noNamespaceSchemaLocation="https://maven.apache.org/surefire/maven-surefire-plugin/xsd/surefire-test-report-3.0.xsd" version="3.0" name="mx.unam.ciencias.edd.test.TestLista" time="0.104" tests="27" errors="0" skipped="0" failures="0">
  <properties>
    <property name="java.specification.version" value="17"/>
    <property name="sun.jnu.encoding" value="UTF-8"/>
    <property name="java.class.path" value="/home/fhuitronb/Documentos/EstructurasDeDatos/practica1/target/test-classes:/home/fhuitronb/Documentos/EstructurasDeDatos/practica1/target/classes:/home/fhuitronb/.m2/repository/junit/junit/4.13.2/junit-4.13.2.jar:/home/fhuitronb/.m2/repository/org/hamcrest/hamcrest-core/1.3/hamcrest-core-1.3.jar:"/>
    <property name="java.vm.vendor" value="Red Hat, Inc."/>
    <property name="sun.arch.data.model" value="64"/>
    <property name="java.vendor.url" value="https://www.redhat.com/"/>
    <property name="os.name" value="Linux"/>
    <property name="java.vm.specification.version" value="17"/>
    <property name="sun.java.launcher" value="SUN_STANDARD"/>
    <property name="user.country" value="MX"/>
    <property name="sun.boot.library.path" value="/usr/lib/jvm/java-17-openjdk-17.0.12.0.7-2.fc40.x86_64/lib"/>
    <property name="sun.java.command" value="/home/fhuitronb/Documentos/EstructurasDeDatos/practica1/target/surefire/surefirebooter-20240819125143282_3.jar /home/fhuitronb/Documentos/EstructurasDeDatos/practica1/target/surefire 2024-08-19T12-51-43_192-jvmRun1 surefire-20240819125143282_1tmp surefire_0-20240819125143282_2tmp"/>
    <property name="jdk.debug" value="release"/>
    <property name="surefire.test.class.path" value="/home/fhuitronb/Documentos/EstructurasDeDatos/practica1/target/test-classes:/home/fhuitronb/Documentos/EstructurasDeDatos/practica1/target/classes:/home/fhuitronb/.m2/repository/junit/junit/4.13.2/junit-4.13.2.jar:/home/fhuitronb/.m2/repository/org/hamcrest/hamcrest-core/1.3/hamcrest-core-1.3.jar:"/>
    <property name="sun.cpu.endian" value="little"/>
    <property name="user.home" value="/home/fhuitronb"/>
    <property name="user.language" value="es"/>
    <property name="java.specification.vendor" value="Oracle Corporation"/>
    <property name="java.version.date" value="2024-07-16"/>
    <property name="java.home" value="/usr/lib/jvm/java-17-openjdk-17.0.12.0.7-2.fc40.x86_64"/>
    <property name="file.separator" value="/"/>
    <property name="basedir" value="/home/fhuitronb/Documentos/EstructurasDeDatos/practica1"/>
    <property name="java.vm.compressedOopsMode" value="Zero based"/>
    <property name="line.separator" value="&#10;"/>
    <property name="java.vm.specification.vendor" value="Oracle Corporation"/>
    <property name="java.specification.name" value="Java Platform API Specification"/>
    <property name="surefire.real.class.path" value="/home/fhuitronb/Documentos/EstructurasDeDatos/practica1/target/surefire/surefirebooter-20240819125143282_3.jar"/>
    <property name="sun.management.compiler" value="HotSpot 64-Bit Tiered Compilers"/>
    <property name="java.runtime.version" value="17.0.12+7"/>
    <property name="user.name" value="fhuitronb"/>
    <property name="path.separator" value=":"/>
    <property name="os.version" value="6.10.3-200.fc40.x86_64"/>
    <property name="java.runtime.name" value="OpenJDK Runtime Environment"/>
    <property name="file.encoding" value="UTF-8"/>
    <property name="java.vm.name" value="OpenJDK 64-Bit Server VM"/>
    <property name="java.vendor.version" value="(Red_Hat-17.0.12.0.7-2)"/>
    <property name="localRepository" value="/home/fhuitronb/.m2/repository"/>
    <property name="java.vendor.url.bug" value="https://bugzilla.redhat.com/enter_bug.cgi?product=Fedora&amp;component=java-17-openjdk&amp;version=39"/>
    <property name="java.io.tmpdir" value="/tmp"/>
    <property name="java.version" value="17.0.12"/>
    <property name="user.dir" value="/home/fhuitronb/Documentos/EstructurasDeDatos/practica1"/>
    <property name="os.arch" value="amd64"/>
    <property name="java.vm.specification.name" value="Java Virtual Machine Specification"/>
    <property name="native.encoding" value="UTF-8"/>
    <property name="java.library.path" value="/usr/java/packages/lib:/usr/lib64:/lib64:/lib:/usr/lib"/>
    <property name="java.vm.info" value="mixed mode, sharing"/>
    <property name="java.vendor" value="Red Hat, Inc."/>
    <property name="java.vm.version" value="17.0.12+7"/>
    <property name="sun.io.unicode.encoding" value="UnicodeLittle"/>
    <property name="java.class.version" value="61.0"/>
  </properties>
  <testcase name="testAgregaFinal" classname="mx.unam.ciencias.edd.test.TestLista" time="0.007"/>
  <testcase name="testElimina" classname="mx.unam.ciencias.edd.test.TestLista" time="0.0"/>
  <testcase name="testEsVacia" classname="mx.unam.ciencias.edd.test.TestLista" time="0.0"/>
  <testcase name="testEliminaPrimero" classname="mx.unam.ciencias.edd.test.TestLista" time="0.002"/>
  <testcase name="testIteradorHasNext" classname="mx.unam.ciencias.edd.test.TestLista" time="0.0"/>
  <testcase name="testGet" classname="mx.unam.ciencias.edd.test.TestLista" time="0.0"/>
  <testcase name="testAgregaInicio" classname="mx.unam.ciencias.edd.test.TestLista" time="0.001"/>
  <testcase name="testCopia" classname="mx.unam.ciencias.edd.test.TestLista" time="0.001"/>
  <testcase name="testToString" classname="mx.unam.ciencias.edd.test.TestLista" time="0.007"/>
  <testcase name="testIteradorStart" classname="mx.unam.ciencias.edd.test.TestLista" time="0.0"/>
  <testcase name="testGetLongitud" classname="mx.unam.ciencias.edd.test.TestLista" time="0.0"/>
  <testcase name="testEliminaUltimo" classname="mx.unam.ciencias.edd.test.TestLista" time="0.001"/>
  <testcase name="testGetPrimero" classname="mx.unam.ciencias.edd.test.TestLista" time="0.001"/>
  <testcase name="testContiene" classname="mx.unam.ciencias.edd.test.TestLista" time="0.0"/>
  <testcase name="testIteradorNext" classname="mx.unam.ciencias.edd.test.TestLista" time="0.0"/>
  <testcase name="testIteradorPrevious" classname="mx.unam.ciencias.edd.test.TestLista" time="0.001"/>
  <testcase name="testIteradorEnd" classname="mx.unam.ciencias.edd.test.TestLista" time="0.001"/>
  <testcase name="testReversa" classname="mx.unam.ciencias.edd.test.TestLista" time="0.0"/>
  <testcase name="testGetElementos" classname="mx.unam.ciencias.edd.test.TestLista" time="0.0"/>
  <testcase name="testIteradorHasPrevious" classname="mx.unam.ciencias.edd.test.TestLista" time="0.001"/>
  <testcase name="testIndiceDe" classname="mx.unam.ciencias.edd.test.TestLista" time="0.001"/>
  <testcase name="testAgrega" classname="mx.unam.ciencias.edd.test.TestLista" time="0.001"/>
  <testcase name="testEquals" classname="mx.unam.ciencias.edd.test.TestLista" time="0.002"/>
  <testcase name="testLimpia" classname="mx.unam.ciencias.edd.test.TestLista" time="0.001"/>
  <testcase name="testGetUltimo" classname="mx.unam.ciencias.edd.test.TestLista" time="0.001"/>
  <testcase name="testInserta" classname="mx.unam.ciencias.edd.test.TestLista" time="0.017"/>
  <testcase name="testConstructor" classname="mx.unam.ciencias.edd.test.TestLista" time="0.003"/>
</testsuite>